<?xml version="1.0" encoding="UTF-8"?>
<!-- Generated by org.testng.reporters.JUnitReportReporter -->
<testsuite hostname="Akash" failures="0" tests="1" name="Scripts.TestCase1" time="27.941" errors="0" timestamp="2023-10-11T15:17:54 IST" skipped="0">
  <testcase classname="Scripts.TestCase1" name="tc1" time="27.941"/>
</testsuite> <!-- Scripts.TestCase1 -->
